action: GLOB, msg: packaging
cwd: /workspaces/MongoDB
cmd: /usr/local/python/3.12.1/bin/python3 setup.py sdist --formats=zip --dist-dir /workspaces/MongoDB/.tox/dist
/home/codespace/.local/lib/python3.12/site-packages/setuptools/dist.py:488: SetuptoolsDeprecationWarning: Invalid dash-separated options
!!

        ********************************************************************************
        Usage of dash-separated 'MongoDB-Connect' will not be supported in future
        versions. Please use the underscore name 'MongoDB_Connect' instead.

        This deprecation is overdue, please update your project and remove deprecated
        calls to avoid build errors in the future.

        See https://setuptools.pypa.io/en/latest/userguide/declarative_config.html for details.
        ********************************************************************************

!!
  opt = self.warn_dash_deprecation(opt, section)
/home/codespace/.local/lib/python3.12/site-packages/setuptools/_distutils/dist.py:261: UserWarning: Unknown distribution option: 'long_description_content'
  warnings.warn(msg)
running sdist
running egg_info
creating src/Mongo_database_automation.egg-info
writing src/Mongo_database_automation.egg-info/PKG-INFO
writing dependency_links to src/Mongo_database_automation.egg-info/dependency_links.txt
writing requirements to src/Mongo_database_automation.egg-info/requires.txt
writing top-level names to src/Mongo_database_automation.egg-info/top_level.txt
writing manifest file 'src/Mongo_database_automation.egg-info/SOURCES.txt'
reading manifest file 'src/Mongo_database_automation.egg-info/SOURCES.txt'
writing manifest file 'src/Mongo_database_automation.egg-info/SOURCES.txt'
running check
creating mongo_database_automation-0.0.1
creating mongo_database_automation-0.0.1/src/Mongo_database_automation.egg-info
creating mongo_database_automation-0.0.1/src/mongodb_connect
copying files to mongo_database_automation-0.0.1...
copying README.md -> mongo_database_automation-0.0.1
copying pyproject.toml -> mongo_database_automation-0.0.1
copying setup.cfg -> mongo_database_automation-0.0.1
copying setup.py -> mongo_database_automation-0.0.1
copying src/Mongo_database_automation.egg-info/PKG-INFO -> mongo_database_automation-0.0.1/src/Mongo_database_automation.egg-info
copying src/Mongo_database_automation.egg-info/SOURCES.txt -> mongo_database_automation-0.0.1/src/Mongo_database_automation.egg-info
copying src/Mongo_database_automation.egg-info/dependency_links.txt -> mongo_database_automation-0.0.1/src/Mongo_database_automation.egg-info
copying src/Mongo_database_automation.egg-info/requires.txt -> mongo_database_automation-0.0.1/src/Mongo_database_automation.egg-info
copying src/Mongo_database_automation.egg-info/top_level.txt -> mongo_database_automation-0.0.1/src/Mongo_database_automation.egg-info
copying src/mongodb_connect/__init__.py -> mongo_database_automation-0.0.1/src/mongodb_connect
copying src/mongodb_connect/mongo_crud.py -> mongo_database_automation-0.0.1/src/mongodb_connect
copying src/Mongo_database_automation.egg-info/SOURCES.txt -> mongo_database_automation-0.0.1/src/Mongo_database_automation.egg-info
Writing mongo_database_automation-0.0.1/setup.cfg
creating /workspaces/MongoDB/.tox/dist
creating '/workspaces/MongoDB/.tox/dist/mongo_database_automation-0.0.1.zip' and adding 'mongo_database_automation-0.0.1' to it
adding 'mongo_database_automation-0.0.1'
adding 'mongo_database_automation-0.0.1/src'
adding 'mongo_database_automation-0.0.1/README.md'
adding 'mongo_database_automation-0.0.1/setup.py'
adding 'mongo_database_automation-0.0.1/PKG-INFO'
adding 'mongo_database_automation-0.0.1/pyproject.toml'
adding 'mongo_database_automation-0.0.1/setup.cfg'
adding 'mongo_database_automation-0.0.1/src/mongodb_connect'
adding 'mongo_database_automation-0.0.1/src/Mongo_database_automation.egg-info'
adding 'mongo_database_automation-0.0.1/src/mongodb_connect/__init__.py'
adding 'mongo_database_automation-0.0.1/src/mongodb_connect/mongo_crud.py'
adding 'mongo_database_automation-0.0.1/src/Mongo_database_automation.egg-info/dependency_links.txt'
adding 'mongo_database_automation-0.0.1/src/Mongo_database_automation.egg-info/top_level.txt'
adding 'mongo_database_automation-0.0.1/src/Mongo_database_automation.egg-info/PKG-INFO'
adding 'mongo_database_automation-0.0.1/src/Mongo_database_automation.egg-info/requires.txt'
adding 'mongo_database_automation-0.0.1/src/Mongo_database_automation.egg-info/SOURCES.txt'
removing 'mongo_database_automation-0.0.1' (and everything under it)
